This file contains any messages produced by compilers while
running configure, to aid debugging if configure makes a mistake.

It was created by hdf-eos2 configure 3.0, which was
generated by GNU Autoconf 2.69.  Invocation command line was

  $ ./configure 

## --------- ##
## Platform. ##
## --------- ##

hostname = josephguhlin
uname -m = x86_64
uname -r = 6.8.0-36-generic
uname -s = Linux
uname -v = #36-Ubuntu SMP PREEMPT_DYNAMIC Mon Jun 10 10:49:14 UTC 2024

/usr/bin/uname -p = x86_64
/bin/uname -X     = unknown

/bin/arch              = x86_64
/usr/bin/arch -k       = unknown
/usr/convex/getsysinfo = unknown
/usr/bin/hostinfo      = unknown
/bin/machine           = unknown
/usr/bin/oslevel       = unknown
/bin/universe          = unknown

PATH: /home/joseph/.local/share/mise/installs/python/mambaforge/bin
PATH: /usr/local/go/bin
PATH: /home/joseph/.yarn/bin
PATH: /mnt/data/software/go/bin
PATH: /usr/local/cuda-12.2/bin
PATH: /home/joseph/genevalidator/bin
PATH: /usr/local/bin/trinityrnaseq
PATH: /home/joseph/software/julia/usr/bin
PATH: /home/joseph/.cargo/bin
PATH: /home/joseph/software/bin
PATH: /home/joseph/go/bin
PATH: /home/joseph/bin
PATH: /home/josephguhlin/.poetry/bin
PATH: /home/joseph/.local/share/mise/installs/python/mambaforge/bin
PATH: /home/joseph/.local/share/mise/installs/python/mambaforge/condabin
PATH: /usr/local/go/bin
PATH: /home/joseph/.yarn/bin
PATH: /mnt/data/software/go/bin
PATH: /usr/local/cuda-12.2/bin
PATH: /home/joseph/genevalidator/bin
PATH: /usr/local/bin/trinityrnaseq
PATH: /home/joseph/software/julia/usr/bin
PATH: /home/joseph/.cargo/bin
PATH: /home/joseph/software/bin
PATH: /home/joseph/go/bin
PATH: /home/joseph/bin
PATH: /home/joseph/.cargo/bin
PATH: /home/joseph/.local/bin
PATH: /home/joseph/bin
PATH: /usr/local/sbin
PATH: /usr/local/bin
PATH: /usr/sbin
PATH: /usr/bin
PATH: /sbin
PATH: /bin
PATH: /usr/games
PATH: /usr/local/games
PATH: /snap/bin


## ----------- ##
## Core tests. ##
## ----------- ##

configure:2630: checking for a BSD-compatible install
configure:2698: result: /usr/bin/install -c
configure:2709: checking whether build environment is sane
configure:2764: result: yes
configure:2915: checking for a thread-safe mkdir -p
configure:2954: result: /usr/bin/mkdir -p
configure:2961: checking for gawk
configure:2977: found /usr/bin/gawk
configure:2988: result: gawk
configure:2999: checking whether make sets $(MAKE)
configure:3021: result: yes
configure:3050: checking whether make supports nested variables
configure:3067: result: yes
configure:3152: checking whether to enable maintainer-specific portions of Makefiles
configure:3161: result: no
configure:3210: checking build system type
configure:3224: result: x86_64-unknown-linux-gnu
configure:3244: checking host system type
configure:3257: result: x86_64-unknown-linux-gnu
configure:3298: checking how to print strings
configure:3325: result: printf
configure:3358: checking for style of include used by make
configure:3386: result: GNU
configure:3457: checking for gcc
configure:3473: found /usr/bin/gcc
configure:3484: result: gcc
configure:3713: checking for C compiler version
configure:3722: gcc --version >&5
gcc (Ubuntu 13.2.0-23ubuntu4) 13.2.0
Copyright (C) 2023 Free Software Foundation, Inc.
This is free software; see the source for copying conditions.  There is NO
warranty; not even for MERCHANTABILITY or FITNESS FOR A PARTICULAR PURPOSE.

configure:3733: $? = 0
configure:3722: gcc -v >&5
Using built-in specs.
COLLECT_GCC=gcc
COLLECT_LTO_WRAPPER=/usr/libexec/gcc/x86_64-linux-gnu/13/lto-wrapper
OFFLOAD_TARGET_NAMES=nvptx-none:amdgcn-amdhsa
OFFLOAD_TARGET_DEFAULT=1
Target: x86_64-linux-gnu
Configured with: ../src/configure -v --with-pkgversion='Ubuntu 13.2.0-23ubuntu4' --with-bugurl=file:///usr/share/doc/gcc-13/README.Bugs --enable-languages=c,ada,c++,go,d,fortran,objc,obj-c++,m2 --prefix=/usr --with-gcc-major-version-only --program-suffix=-13 --program-prefix=x86_64-linux-gnu- --enable-shared --enable-linker-build-id --libexecdir=/usr/libexec --without-included-gettext --enable-threads=posix --libdir=/usr/lib --enable-nls --enable-clocale=gnu --enable-libstdcxx-debug --enable-libstdcxx-time=yes --with-default-libstdcxx-abi=new --enable-libstdcxx-backtrace --enable-gnu-unique-object --disable-vtable-verify --enable-plugin --enable-default-pie --with-system-zlib --enable-libphobos-checking=release --with-target-system-zlib=auto --enable-objc-gc=auto --enable-multiarch --disable-werror --enable-cet --with-arch-32=i686 --with-abi=m64 --with-multilib-list=m32,m64,mx32 --enable-multilib --with-tune=generic --enable-offload-targets=nvptx-none=/build/gcc-13-uJ7kn6/gcc-13-13.2.0/debian/tmp-nvptx/usr,amdgcn-amdhsa=/build/gcc-13-uJ7kn6/gcc-13-13.2.0/debian/tmp-gcn/usr --enable-offload-defaulted --without-cuda-driver --enable-checking=release --build=x86_64-linux-gnu --host=x86_64-linux-gnu --target=x86_64-linux-gnu
Thread model: posix
Supported LTO compression algorithms: zlib zstd
gcc version 13.2.0 (Ubuntu 13.2.0-23ubuntu4) 
... rest of stderr output deleted ...
configure:3733: $? = 0
configure:3722: gcc -V >&5
gcc: error: unrecognized command-line option '-V'
gcc: fatal error: no input files
compilation terminated.
configure:3733: $? = 1
configure:3722: gcc -qversion >&5
gcc: error: unrecognized command-line option '-qversion'; did you mean '--version'?
gcc: fatal error: no input files
compilation terminated.
configure:3733: $? = 1
configure:3753: checking whether the C compiler works
configure:3775: gcc    conftest.c  >&5
configure:3779: $? = 0
configure:3827: result: yes
configure:3830: checking for C compiler default output file name
configure:3832: result: a.out
configure:3838: checking for suffix of executables
configure:3845: gcc -o conftest    conftest.c  >&5
configure:3849: $? = 0
configure:3871: result: 
configure:3893: checking whether we are cross compiling
configure:3901: gcc -o conftest    conftest.c  >&5
configure:3905: $? = 0
configure:3912: ./conftest
configure:3916: $? = 0
configure:3931: result: no
configure:3936: checking for suffix of object files
configure:3958: gcc -c   conftest.c >&5
configure:3962: $? = 0
configure:3983: result: o
configure:3987: checking whether we are using the GNU C compiler
configure:4006: gcc -c   conftest.c >&5
configure:4006: $? = 0
configure:4015: result: yes
configure:4024: checking whether gcc accepts -g
configure:4044: gcc -c -g  conftest.c >&5
configure:4044: $? = 0
configure:4085: result: yes
configure:4102: checking for gcc option to accept ISO C89
configure:4165: gcc  -c -g -O2  conftest.c >&5
configure:4165: $? = 0
configure:4178: result: none needed
configure:4200: checking dependency style of gcc
configure:4311: result: gcc3
configure:4326: checking for a sed that does not truncate output
configure:4390: result: /usr/bin/sed
configure:4408: checking for grep that handles long lines and -e
configure:4466: result: /usr/bin/grep
configure:4471: checking for egrep
configure:4533: result: /usr/bin/grep -E
configure:4538: checking for fgrep
configure:4600: result: /usr/bin/grep -F
configure:4635: checking for ld used by gcc
configure:4702: result: /usr/bin/ld
configure:4709: checking if the linker (/usr/bin/ld) is GNU ld
configure:4724: result: yes
configure:4736: checking for BSD- or MS-compatible name lister (nm)
configure:4785: result: /usr/bin/nm -B
configure:4915: checking the name lister (/usr/bin/nm -B) interface
configure:4922: gcc -c -g -O2  conftest.c >&5
configure:4925: /usr/bin/nm -B "conftest.o"
configure:4928: output
0000000000000000 B some_variable
configure:4935: result: BSD nm
configure:4938: checking whether ln -s works
configure:4942: result: yes
configure:4950: checking the maximum length of command line arguments
configure:5080: result: 1572864
configure:5097: checking whether the shell understands some XSI constructs
configure:5107: result: yes
configure:5111: checking whether the shell understands "+="
configure:5117: result: yes
configure:5152: checking how to convert x86_64-unknown-linux-gnu file names to x86_64-unknown-linux-gnu format
configure:5192: result: func_convert_file_noop
configure:5199: checking how to convert x86_64-unknown-linux-gnu file names to toolchain format
configure:5219: result: func_convert_file_noop
configure:5226: checking for /usr/bin/ld option to reload object files
configure:5233: result: -r
configure:5307: checking for objdump
configure:5323: found /usr/bin/objdump
configure:5334: result: objdump
configure:5366: checking how to recognize dependent libraries
configure:5568: result: pass_all
configure:5653: checking for dlltool
configure:5683: result: no
configure:5713: checking how to associate runtime and link libraries
configure:5740: result: printf %s\n
configure:5801: checking for ar
configure:5817: found /usr/bin/ar
configure:5828: result: ar
configure:5865: checking for archiver @FILE support
configure:5882: gcc -c -g -O2  conftest.c >&5
configure:5882: $? = 0
configure:5885: ar cru libconftest.a @conftest.lst >&5
ar: `u' modifier ignored since `D' is the default (see `U')
configure:5888: $? = 0
configure:5893: ar cru libconftest.a @conftest.lst >&5
ar: `u' modifier ignored since `D' is the default (see `U')
ar: conftest.o: No such file or directory
configure:5896: $? = 1
configure:5908: result: @
configure:5966: checking for strip
configure:5982: found /usr/bin/strip
configure:5993: result: strip
configure:6065: checking for ranlib
configure:6081: found /usr/bin/ranlib
configure:6092: result: ranlib
configure:6194: checking command to parse /usr/bin/nm -B output from gcc object
configure:6314: gcc -c -g -O2  conftest.c >&5
configure:6317: $? = 0
configure:6321: /usr/bin/nm -B conftest.o \| sed -n -e 's/^.*[ ]\([ABCDGIRSTW][ABCDGIRSTW]*\)[ ][ ]*\([_A-Za-z][_A-Za-z0-9]*\)$/\1 \2 \2/p' | sed '/ __gnu_lto/d' \> conftest.nm
configure:6324: $? = 0
configure:6390: gcc -o conftest -g -O2   conftest.c conftstm.o >&5
configure:6393: $? = 0
configure:6431: result: ok
configure:6468: checking for sysroot
configure:6498: result: no
configure:6575: gcc -c -g -O2  conftest.c >&5
configure:6578: $? = 0
configure:6754: checking for mt
configure:6770: found /usr/bin/mt
configure:6781: result: mt
configure:6804: checking if mt is a manifest tool
configure:6810: mt '-?'
configure:6818: result: no
configure:7460: checking how to run the C preprocessor
configure:7491: gcc -E  conftest.c
configure:7491: $? = 0
configure:7505: gcc -E  conftest.c
conftest.c:11:10: fatal error: ac_nonexistent.h: No such file or directory
   11 | #include <ac_nonexistent.h>
      |          ^~~~~~~~~~~~~~~~~~
compilation terminated.
configure:7505: $? = 1
configure: failed program was:
| /* confdefs.h */
| #define PACKAGE_NAME "hdf-eos2"
| #define PACKAGE_TARNAME "hdf-eos2"
| #define PACKAGE_VERSION "3.0"
| #define PACKAGE_STRING "hdf-eos2 3.0"
| #define PACKAGE_BUGREPORT "null@bogus.email"
| #define PACKAGE_URL ""
| #define PACKAGE "hdf-eos2"
| #define VERSION "3.0"
| /* end confdefs.h.  */
| #include <ac_nonexistent.h>
configure:7530: result: gcc -E
configure:7550: gcc -E  conftest.c
configure:7550: $? = 0
configure:7564: gcc -E  conftest.c
conftest.c:11:10: fatal error: ac_nonexistent.h: No such file or directory
   11 | #include <ac_nonexistent.h>
      |          ^~~~~~~~~~~~~~~~~~
compilation terminated.
configure:7564: $? = 1
configure: failed program was:
| /* confdefs.h */
| #define PACKAGE_NAME "hdf-eos2"
| #define PACKAGE_TARNAME "hdf-eos2"
| #define PACKAGE_VERSION "3.0"
| #define PACKAGE_STRING "hdf-eos2 3.0"
| #define PACKAGE_BUGREPORT "null@bogus.email"
| #define PACKAGE_URL ""
| #define PACKAGE "hdf-eos2"
| #define VERSION "3.0"
| /* end confdefs.h.  */
| #include <ac_nonexistent.h>
configure:7593: checking for ANSI C header files
configure:7613: gcc -c -g -O2  conftest.c >&5
configure:7613: $? = 0
configure:7686: gcc -o conftest -g -O2   conftest.c  >&5
configure:7686: $? = 0
configure:7686: ./conftest
configure:7686: $? = 0
configure:7697: result: yes
configure:7710: checking for sys/types.h
configure:7710: gcc -c -g -O2  conftest.c >&5
configure:7710: $? = 0
configure:7710: result: yes
configure:7710: checking for sys/stat.h
configure:7710: gcc -c -g -O2  conftest.c >&5
configure:7710: $? = 0
configure:7710: result: yes
configure:7710: checking for stdlib.h
configure:7710: gcc -c -g -O2  conftest.c >&5
configure:7710: $? = 0
configure:7710: result: yes
configure:7710: checking for string.h
configure:7710: gcc -c -g -O2  conftest.c >&5
configure:7710: $? = 0
configure:7710: result: yes
configure:7710: checking for memory.h
configure:7710: gcc -c -g -O2  conftest.c >&5
configure:7710: $? = 0
configure:7710: result: yes
configure:7710: checking for strings.h
configure:7710: gcc -c -g -O2  conftest.c >&5
configure:7710: $? = 0
configure:7710: result: yes
configure:7710: checking for inttypes.h
configure:7710: gcc -c -g -O2  conftest.c >&5
configure:7710: $? = 0
configure:7710: result: yes
configure:7710: checking for stdint.h
configure:7710: gcc -c -g -O2  conftest.c >&5
configure:7710: $? = 0
configure:7710: result: yes
configure:7710: checking for unistd.h
configure:7710: gcc -c -g -O2  conftest.c >&5
configure:7710: $? = 0
configure:7710: result: yes
configure:7724: checking for dlfcn.h
configure:7724: gcc -c -g -O2  conftest.c >&5
configure:7724: $? = 0
configure:7724: result: yes
configure:7929: checking for objdir
configure:7944: result: .libs
configure:8215: checking if gcc supports -fno-rtti -fno-exceptions
configure:8233: gcc -c -g -O2  -fno-rtti -fno-exceptions conftest.c >&5
cc1: warning: command-line option '-fno-rtti' is valid for C++/D/ObjC++ but not for C
configure:8237: $? = 0
configure:8250: result: no
configure:8577: checking for gcc option to produce PIC
configure:8584: result: -fPIC -DPIC
configure:8592: checking if gcc PIC flag -fPIC -DPIC works
configure:8610: gcc -c -g -O2  -fPIC -DPIC -DPIC conftest.c >&5
configure:8614: $? = 0
configure:8627: result: yes
configure:8656: checking if gcc static flag -static works
configure:8684: result: yes
configure:8699: checking if gcc supports -c -o file.o
configure:8720: gcc -c -g -O2  -o out/conftest2.o conftest.c >&5
configure:8724: $? = 0
configure:8746: result: yes
configure:8754: checking if gcc supports -c -o file.o
configure:8801: result: yes
configure:8834: checking whether the gcc linker (/usr/bin/ld -m elf_x86_64) supports shared libraries
configure:9987: result: yes
configure:10227: checking dynamic linker characteristics
configure:10738: gcc -o conftest -g -O2   -Wl,-rpath -Wl,/foo conftest.c  >&5
configure:10738: $? = 0
configure:10964: result: GNU/Linux ld.so
configure:11071: checking how to hardcode library paths into programs
configure:11096: result: immediate
configure:11636: checking whether stripping libraries is possible
configure:11641: result: yes
configure:11676: checking if libtool supports shared libraries
configure:11678: result: yes
configure:11681: checking whether to build shared libraries
configure:11702: result: no
configure:11705: checking whether to build static libraries
configure:11709: result: yes
configure:11813: checking for ceil in -lm
configure:11838: gcc -o conftest -g -O2   conftest.c -lm   >&5
conftest.c:30:6: warning: conflicting types for built-in function 'ceil'; expected 'double(double)' [-Wbuiltin-declaration-mismatch]
   30 | char ceil ();
      |      ^~~~
conftest.c:1:1: note: 'ceil' is declared in header '<math.h>'
    1 | /* confdefs.h */
configure:11838: $? = 0
configure:11847: result: yes
configure:11870: checking size of long
configure:11875: gcc -o conftest -g -O2   conftest.c -lm  >&5
configure:11875: $? = 0
configure:11875: ./conftest
configure:11875: $? = 0
configure:11889: result: 8
configure:11906: checking whether byte ordering is bigendian
configure:11921: gcc -c -g -O2  -DSIZEOF_LONG=8 conftest.c >&5
conftest.c:26:16: error: unknown type name 'not'
   26 |                not a universal capable compiler
      |                ^~~
conftest.c:26:22: error: expected '=', ',', ';', 'asm' or '__attribute__' before 'universal'
   26 |                not a universal capable compiler
      |                      ^~~~~~~~~
conftest.c:26:22: error: unknown type name 'universal'
configure:11921: $? = 1
configure: failed program was:
| /* confdefs.h */
| #define PACKAGE_NAME "hdf-eos2"
| #define PACKAGE_TARNAME "hdf-eos2"
| #define PACKAGE_VERSION "3.0"
| #define PACKAGE_STRING "hdf-eos2 3.0"
| #define PACKAGE_BUGREPORT "null@bogus.email"
| #define PACKAGE_URL ""
| #define PACKAGE "hdf-eos2"
| #define VERSION "3.0"
| #define STDC_HEADERS 1
| #define HAVE_SYS_TYPES_H 1
| #define HAVE_SYS_STAT_H 1
| #define HAVE_STDLIB_H 1
| #define HAVE_STRING_H 1
| #define HAVE_MEMORY_H 1
| #define HAVE_STRINGS_H 1
| #define HAVE_INTTYPES_H 1
| #define HAVE_STDINT_H 1
| #define HAVE_UNISTD_H 1
| #define HAVE_DLFCN_H 1
| #define LT_OBJDIR ".libs/"
| #define HAVE_LIBM 1
| #define SIZEOF_LONG 8
| /* end confdefs.h.  */
| #ifndef __APPLE_CC__
| 	       not a universal capable compiler
| 	     #endif
| 	     typedef int dummy;
| 
configure:11966: gcc -c -g -O2  -DSIZEOF_LONG=8 conftest.c >&5
configure:11966: $? = 0
configure:11984: gcc -c -g -O2  -DSIZEOF_LONG=8 conftest.c >&5
conftest.c: In function 'main':
conftest.c:32:18: error: unknown type name 'not'; did you mean 'ino_t'?
   32 |                  not big endian
      |                  ^~~
      |                  ino_t
conftest.c:32:26: error: expected '=', ',', ';', 'asm' or '__attribute__' before 'endian'
   32 |                  not big endian
      |                          ^~~~~~
configure:11984: $? = 1
configure: failed program was:
| /* confdefs.h */
| #define PACKAGE_NAME "hdf-eos2"
| #define PACKAGE_TARNAME "hdf-eos2"
| #define PACKAGE_VERSION "3.0"
| #define PACKAGE_STRING "hdf-eos2 3.0"
| #define PACKAGE_BUGREPORT "null@bogus.email"
| #define PACKAGE_URL ""
| #define PACKAGE "hdf-eos2"
| #define VERSION "3.0"
| #define STDC_HEADERS 1
| #define HAVE_SYS_TYPES_H 1
| #define HAVE_SYS_STAT_H 1
| #define HAVE_STDLIB_H 1
| #define HAVE_STRING_H 1
| #define HAVE_MEMORY_H 1
| #define HAVE_STRINGS_H 1
| #define HAVE_INTTYPES_H 1
| #define HAVE_STDINT_H 1
| #define HAVE_UNISTD_H 1
| #define HAVE_DLFCN_H 1
| #define LT_OBJDIR ".libs/"
| #define HAVE_LIBM 1
| #define SIZEOF_LONG 8
| /* end confdefs.h.  */
| #include <sys/types.h>
| 		#include <sys/param.h>
| 
| int
| main ()
| {
| #if BYTE_ORDER != BIG_ENDIAN
| 		 not big endian
| 		#endif
| 
|   ;
|   return 0;
| }
configure:12112: result: no
configure:12169: checking for jpeg_set_defaults in -ljpeg
configure:12194: gcc -o conftest -g -O2  -DSIZEOF_LONG=8  conftest.c -ljpeg  -lm  >&5
configure:12194: $? = 0
configure:12203: result: yes
configure:12544: checking for compress2 in -lz
configure:12569: gcc -o conftest -g -O2  -DSIZEOF_LONG=8  conftest.c -lz  -ljpeg -lm  >&5
configure:12569: $? = 0
configure:12578: result: yes
configure:12946: checking for g77
configure:12976: result: no
configure:12946: checking for xlf
configure:12976: result: no
configure:12946: checking for f77
configure:12962: found /usr/bin/f77
configure:12973: result: f77
configure:12999: checking for Fortran 77 compiler version
configure:13008: f77 --version >&5
GNU Fortran (Ubuntu 13.2.0-23ubuntu4) 13.2.0
Copyright (C) 2023 Free Software Foundation, Inc.
This is free software; see the source for copying conditions.  There is NO
warranty; not even for MERCHANTABILITY or FITNESS FOR A PARTICULAR PURPOSE.

configure:13019: $? = 0
configure:13008: f77 -v >&5
Using built-in specs.
COLLECT_GCC=f77
COLLECT_LTO_WRAPPER=/usr/libexec/gcc/x86_64-linux-gnu/13/lto-wrapper
OFFLOAD_TARGET_NAMES=nvptx-none:amdgcn-amdhsa
OFFLOAD_TARGET_DEFAULT=1
Target: x86_64-linux-gnu
Configured with: ../src/configure -v --with-pkgversion='Ubuntu 13.2.0-23ubuntu4' --with-bugurl=file:///usr/share/doc/gcc-13/README.Bugs --enable-languages=c,ada,c++,go,d,fortran,objc,obj-c++,m2 --prefix=/usr --with-gcc-major-version-only --program-suffix=-13 --program-prefix=x86_64-linux-gnu- --enable-shared --enable-linker-build-id --libexecdir=/usr/libexec --without-included-gettext --enable-threads=posix --libdir=/usr/lib --enable-nls --enable-clocale=gnu --enable-libstdcxx-debug --enable-libstdcxx-time=yes --with-default-libstdcxx-abi=new --enable-libstdcxx-backtrace --enable-gnu-unique-object --disable-vtable-verify --enable-plugin --enable-default-pie --with-system-zlib --enable-libphobos-checking=release --with-target-system-zlib=auto --enable-objc-gc=auto --enable-multiarch --disable-werror --enable-cet --with-arch-32=i686 --with-abi=m64 --with-multilib-list=m32,m64,mx32 --enable-multilib --with-tune=generic --enable-offload-targets=nvptx-none=/build/gcc-13-uJ7kn6/gcc-13-13.2.0/debian/tmp-nvptx/usr,amdgcn-amdhsa=/build/gcc-13-uJ7kn6/gcc-13-13.2.0/debian/tmp-gcn/usr --enable-offload-defaulted --without-cuda-driver --enable-checking=release --build=x86_64-linux-gnu --host=x86_64-linux-gnu --target=x86_64-linux-gnu
Thread model: posix
Supported LTO compression algorithms: zlib zstd
gcc version 13.2.0 (Ubuntu 13.2.0-23ubuntu4) 
... rest of stderr output deleted ...
configure:13019: $? = 0
configure:13008: f77 -V >&5
f77: error: unrecognized command-line option '-V'
f77: fatal error: no input files
compilation terminated.
configure:13019: $? = 1
configure:13008: f77 -qversion >&5
f77: error: unrecognized command-line option '-qversion'; did you mean '--version'?
f77: fatal error: no input files
compilation terminated.
configure:13019: $? = 1
configure:13028: checking whether we are using the GNU Fortran 77 compiler
configure:13041: f77 -c  conftest.F >&5
configure:13041: $? = 0
configure:13050: result: yes
configure:13056: checking whether f77 accepts -g
configure:13067: f77 -c -g conftest.f >&5
configure:13067: $? = 0
configure:13075: result: yes
configure:13211: checking if libtool supports shared libraries
configure:13213: result: yes
configure:13216: checking whether to build shared libraries
configure:13236: result: no
configure:13239: checking whether to build static libraries
configure:13243: result: yes
configure:13564: checking for f77 option to produce PIC
configure:13571: result: -fPIC
configure:13579: checking if f77 PIC flag -fPIC works
configure:13597: f77 -c -g -O2 -fPIC conftest.f >&5
configure:13601: $? = 0
configure:13614: result: yes
configure:13637: checking if f77 static flag -static works
configure:13665: result: yes
configure:13677: checking if f77 supports -c -o file.o
configure:13698: f77 -c -g -O2 -o out/conftest2.o conftest.f >&5
configure:13702: $? = 0
configure:13724: result: yes
configure:13729: checking if f77 supports -c -o file.o
configure:13776: result: yes
configure:13806: checking whether the f77 linker (/usr/bin/ld -m elf_x86_64) supports shared libraries
configure:14909: result: yes
configure:15050: checking dynamic linker characteristics
configure:15715: result: GNU/Linux ld.so
configure:15768: checking how to hardcode library paths into programs
configure:15793: result: immediate
configure:16589: checking szlib.h usability
configure:16589: gcc -c -g -O2  -DSIZEOF_LONG=8 conftest.c >&5
configure:16589: $? = 0
configure:16589: result: yes
configure:16589: checking szlib.h presence
configure:16589: gcc -E  -DSIZEOF_LONG=8 conftest.c
configure:16589: $? = 0
configure:16589: result: yes
configure:16589: checking for szlib.h
configure:16589: result: yes
configure:16706: checking for SZ_BufftoBuffCompress in -lsz
configure:16739: gcc -o conftest -g -O2  -DSIZEOF_LONG=8  conftest.c -lsz  -lz -ljpeg -lm  >&5
configure:16739: $? = 0
configure:16748: result: yes
configure:17707: checking if szlib is functional
configure:17728: gcc -o conftest -g -O2  -DSIZEOF_LONG=8  conftest.c -lsz -lz -ljpeg -lm  >&5
conftest.c: In function 'main':
conftest.c:36:21: warning: implicit declaration of function 'exit' [-Wimplicit-function-declaration]
   36 |                     exit(0);
      |                     ^~~~
conftest.c:32:1: note: include '<stdlib.h>' or provide a declaration of 'exit'
   31 |                 #include <szlib.h>
  +++ |+#include <stdlib.h>
   32 | 
conftest.c:36:21: warning: incompatible implicit declaration of built-in function 'exit' [-Wbuiltin-declaration-mismatch]
   36 |                     exit(0);
      |                     ^~~~
conftest.c:36:21: note: include '<stdlib.h>' or provide a declaration of 'exit'
configure:17728: $? = 0
configure:17728: ./conftest
configure:17728: $? = 0
configure:17730: result: yes
configure:17746: checking szlib encoding
configure:17770: gcc -o conftest -g -O2  -DSIZEOF_LONG=8  conftest.c -lsz -lz -ljpeg -lm  >&5
conftest.c: In function 'main':
conftest.c:38:25: warning: implicit declaration of function 'exit' [-Wimplicit-function-declaration]
   38 |                         exit(0);
      |                         ^~~~
conftest.c:33:1: note: include '<stdlib.h>' or provide a declaration of 'exit'
   32 |                 #include <szlib.h>
  +++ |+#include <stdlib.h>
   33 | 
conftest.c:38:25: warning: incompatible implicit declaration of built-in function 'exit' [-Wbuiltin-declaration-mismatch]
   38 |                         exit(0);
      |                         ^~~~
conftest.c:38:25: note: include '<stdlib.h>' or provide a declaration of 'exit'
conftest.c:40:25: warning: incompatible implicit declaration of built-in function 'exit' [-Wbuiltin-declaration-mismatch]
   40 |                         exit(1);
      |                         ^~~~
conftest.c:40:25: note: include '<stdlib.h>' or provide a declaration of 'exit'
configure:17770: $? = 0
configure:17770: ./conftest
configure:17770: $? = 0
configure:17772: result: yes
configure:17832: checking for Hopen in -ldf
configure:17865: gcc -o conftest -g -O2  -DSIZEOF_LONG=8  conftest.c -ldf  -lsz -lz -ljpeg -lm  >&5
/usr/bin/ld: cannot find -ldf: No such file or directory
collect2: error: ld returned 1 exit status
configure:17865: $? = 1
configure: failed program was:
| /* confdefs.h */
| #define PACKAGE_NAME "hdf-eos2"
| #define PACKAGE_TARNAME "hdf-eos2"
| #define PACKAGE_VERSION "3.0"
| #define PACKAGE_STRING "hdf-eos2 3.0"
| #define PACKAGE_BUGREPORT "null@bogus.email"
| #define PACKAGE_URL ""
| #define PACKAGE "hdf-eos2"
| #define VERSION "3.0"
| #define STDC_HEADERS 1
| #define HAVE_SYS_TYPES_H 1
| #define HAVE_SYS_STAT_H 1
| #define HAVE_STDLIB_H 1
| #define HAVE_STRING_H 1
| #define HAVE_MEMORY_H 1
| #define HAVE_STRINGS_H 1
| #define HAVE_INTTYPES_H 1
| #define HAVE_STDINT_H 1
| #define HAVE_UNISTD_H 1
| #define HAVE_DLFCN_H 1
| #define LT_OBJDIR ".libs/"
| #define HAVE_LIBM 1
| #define SIZEOF_LONG 8
| #define HAVE_LIBJPEG 1
| #define HAVE_LIBZ 1
| #define HAVE_SZLIB_H 1
| #define HAVE_LIBSZ 1
| #define HAVE_FILTER_SZIP 1
| #define HAVE_FILTER_SZIP_ENCODER 1
| /* end confdefs.h.  */
| 
| /* Override any GCC internal prototype to avoid an error.
|    Use char because int might match the return type of a GCC
|    builtin and then its argument prototype would still apply.  */
| #ifdef __cplusplus
| extern "C"
| #endif
| char Hopen ();
| #ifdef F77_DUMMY_MAIN
| 
| #  ifdef __cplusplus
|      extern "C"
| #  endif
|    int F77_DUMMY_MAIN() { return 1; }
| 
| #endif
| int
| main ()
| {
| return Hopen ();
|   ;
|   return 0;
| }
configure:17874: result: no
configure:17890: checking for hdf_close in -lmfhdf
configure:17923: gcc -o conftest -g -O2  -DSIZEOF_LONG=8  conftest.c -lmfhdf  -lsz -lz -ljpeg -lm  >&5
/usr/bin/ld: cannot find -lmfhdf: No such file or directory
collect2: error: ld returned 1 exit status
configure:17923: $? = 1
configure: failed program was:
| /* confdefs.h */
| #define PACKAGE_NAME "hdf-eos2"
| #define PACKAGE_TARNAME "hdf-eos2"
| #define PACKAGE_VERSION "3.0"
| #define PACKAGE_STRING "hdf-eos2 3.0"
| #define PACKAGE_BUGREPORT "null@bogus.email"
| #define PACKAGE_URL ""
| #define PACKAGE "hdf-eos2"
| #define VERSION "3.0"
| #define STDC_HEADERS 1
| #define HAVE_SYS_TYPES_H 1
| #define HAVE_SYS_STAT_H 1
| #define HAVE_STDLIB_H 1
| #define HAVE_STRING_H 1
| #define HAVE_MEMORY_H 1
| #define HAVE_STRINGS_H 1
| #define HAVE_INTTYPES_H 1
| #define HAVE_STDINT_H 1
| #define HAVE_UNISTD_H 1
| #define HAVE_DLFCN_H 1
| #define LT_OBJDIR ".libs/"
| #define HAVE_LIBM 1
| #define SIZEOF_LONG 8
| #define HAVE_LIBJPEG 1
| #define HAVE_LIBZ 1
| #define HAVE_SZLIB_H 1
| #define HAVE_LIBSZ 1
| #define HAVE_FILTER_SZIP 1
| #define HAVE_FILTER_SZIP_ENCODER 1
| /* end confdefs.h.  */
| 
| /* Override any GCC internal prototype to avoid an error.
|    Use char because int might match the return type of a GCC
|    builtin and then its argument prototype would still apply.  */
| #ifdef __cplusplus
| extern "C"
| #endif
| char hdf_close ();
| #ifdef F77_DUMMY_MAIN
| 
| #  ifdef __cplusplus
|      extern "C"
| #  endif
|    int F77_DUMMY_MAIN() { return 1; }
| 
| #endif
| int
| main ()
| {
| return hdf_close ();
|   ;
|   return 0;
| }
configure:17932: result: no
configure:17963: checking for Hopen in -ldf
configure:17996: gcc -o conftest -g -O2  -DSIZEOF_LONG=8 -L/usr/local/lib  conftest.c -ldf  -lsz -lz -ljpeg -lm  >&5
/usr/bin/ld: cannot find -ldf: No such file or directory
collect2: error: ld returned 1 exit status
configure:17996: $? = 1
configure: failed program was:
| /* confdefs.h */
| #define PACKAGE_NAME "hdf-eos2"
| #define PACKAGE_TARNAME "hdf-eos2"
| #define PACKAGE_VERSION "3.0"
| #define PACKAGE_STRING "hdf-eos2 3.0"
| #define PACKAGE_BUGREPORT "null@bogus.email"
| #define PACKAGE_URL ""
| #define PACKAGE "hdf-eos2"
| #define VERSION "3.0"
| #define STDC_HEADERS 1
| #define HAVE_SYS_TYPES_H 1
| #define HAVE_SYS_STAT_H 1
| #define HAVE_STDLIB_H 1
| #define HAVE_STRING_H 1
| #define HAVE_MEMORY_H 1
| #define HAVE_STRINGS_H 1
| #define HAVE_INTTYPES_H 1
| #define HAVE_STDINT_H 1
| #define HAVE_UNISTD_H 1
| #define HAVE_DLFCN_H 1
| #define LT_OBJDIR ".libs/"
| #define HAVE_LIBM 1
| #define SIZEOF_LONG 8
| #define HAVE_LIBJPEG 1
| #define HAVE_LIBZ 1
| #define HAVE_SZLIB_H 1
| #define HAVE_LIBSZ 1
| #define HAVE_FILTER_SZIP 1
| #define HAVE_FILTER_SZIP_ENCODER 1
| /* end confdefs.h.  */
| 
| /* Override any GCC internal prototype to avoid an error.
|    Use char because int might match the return type of a GCC
|    builtin and then its argument prototype would still apply.  */
| #ifdef __cplusplus
| extern "C"
| #endif
| char Hopen ();
| #ifdef F77_DUMMY_MAIN
| 
| #  ifdef __cplusplus
|      extern "C"
| #  endif
|    int F77_DUMMY_MAIN() { return 1; }
| 
| #endif
| int
| main ()
| {
| return Hopen ();
|   ;
|   return 0;
| }
configure:18005: result: no
configure:18021: checking for hdf_close in -lmfhdf
configure:18054: gcc -o conftest -g -O2  -DSIZEOF_LONG=8 -L/usr/local/lib  conftest.c -lmfhdf  -lsz -lz -ljpeg -lm  >&5
/usr/bin/ld: cannot find -lmfhdf: No such file or directory
collect2: error: ld returned 1 exit status
configure:18054: $? = 1
configure: failed program was:
| /* confdefs.h */
| #define PACKAGE_NAME "hdf-eos2"
| #define PACKAGE_TARNAME "hdf-eos2"
| #define PACKAGE_VERSION "3.0"
| #define PACKAGE_STRING "hdf-eos2 3.0"
| #define PACKAGE_BUGREPORT "null@bogus.email"
| #define PACKAGE_URL ""
| #define PACKAGE "hdf-eos2"
| #define VERSION "3.0"
| #define STDC_HEADERS 1
| #define HAVE_SYS_TYPES_H 1
| #define HAVE_SYS_STAT_H 1
| #define HAVE_STDLIB_H 1
| #define HAVE_STRING_H 1
| #define HAVE_MEMORY_H 1
| #define HAVE_STRINGS_H 1
| #define HAVE_INTTYPES_H 1
| #define HAVE_STDINT_H 1
| #define HAVE_UNISTD_H 1
| #define HAVE_DLFCN_H 1
| #define LT_OBJDIR ".libs/"
| #define HAVE_LIBM 1
| #define SIZEOF_LONG 8
| #define HAVE_LIBJPEG 1
| #define HAVE_LIBZ 1
| #define HAVE_SZLIB_H 1
| #define HAVE_LIBSZ 1
| #define HAVE_FILTER_SZIP 1
| #define HAVE_FILTER_SZIP_ENCODER 1
| /* end confdefs.h.  */
| 
| /* Override any GCC internal prototype to avoid an error.
|    Use char because int might match the return type of a GCC
|    builtin and then its argument prototype would still apply.  */
| #ifdef __cplusplus
| extern "C"
| #endif
| char hdf_close ();
| #ifdef F77_DUMMY_MAIN
| 
| #  ifdef __cplusplus
|      extern "C"
| #  endif
|    int F77_DUMMY_MAIN() { return 1; }
| 
| #endif
| int
| main ()
| {
| return hdf_close ();
|   ;
|   return 0;
| }
configure:18063: result: no
configure:18094: checking for Hopen in -ldf
configure:18127: gcc -o conftest -g -O2  -DSIZEOF_LONG=8 -L/opt/local/lib  conftest.c -ldf  -lsz -lz -ljpeg -lm  >&5
/usr/bin/ld: cannot find -ldf: No such file or directory
collect2: error: ld returned 1 exit status
configure:18127: $? = 1
configure: failed program was:
| /* confdefs.h */
| #define PACKAGE_NAME "hdf-eos2"
| #define PACKAGE_TARNAME "hdf-eos2"
| #define PACKAGE_VERSION "3.0"
| #define PACKAGE_STRING "hdf-eos2 3.0"
| #define PACKAGE_BUGREPORT "null@bogus.email"
| #define PACKAGE_URL ""
| #define PACKAGE "hdf-eos2"
| #define VERSION "3.0"
| #define STDC_HEADERS 1
| #define HAVE_SYS_TYPES_H 1
| #define HAVE_SYS_STAT_H 1
| #define HAVE_STDLIB_H 1
| #define HAVE_STRING_H 1
| #define HAVE_MEMORY_H 1
| #define HAVE_STRINGS_H 1
| #define HAVE_INTTYPES_H 1
| #define HAVE_STDINT_H 1
| #define HAVE_UNISTD_H 1
| #define HAVE_DLFCN_H 1
| #define LT_OBJDIR ".libs/"
| #define HAVE_LIBM 1
| #define SIZEOF_LONG 8
| #define HAVE_LIBJPEG 1
| #define HAVE_LIBZ 1
| #define HAVE_SZLIB_H 1
| #define HAVE_LIBSZ 1
| #define HAVE_FILTER_SZIP 1
| #define HAVE_FILTER_SZIP_ENCODER 1
| /* end confdefs.h.  */
| 
| /* Override any GCC internal prototype to avoid an error.
|    Use char because int might match the return type of a GCC
|    builtin and then its argument prototype would still apply.  */
| #ifdef __cplusplus
| extern "C"
| #endif
| char Hopen ();
| #ifdef F77_DUMMY_MAIN
| 
| #  ifdef __cplusplus
|      extern "C"
| #  endif
|    int F77_DUMMY_MAIN() { return 1; }
| 
| #endif
| int
| main ()
| {
| return Hopen ();
|   ;
|   return 0;
| }
configure:18136: result: no
configure:18152: checking for hdf_close in -lmfhdf
configure:18185: gcc -o conftest -g -O2  -DSIZEOF_LONG=8 -L/opt/local/lib  conftest.c -lmfhdf  -lsz -lz -ljpeg -lm  >&5
/usr/bin/ld: cannot find -lmfhdf: No such file or directory
collect2: error: ld returned 1 exit status
configure:18185: $? = 1
configure: failed program was:
| /* confdefs.h */
| #define PACKAGE_NAME "hdf-eos2"
| #define PACKAGE_TARNAME "hdf-eos2"
| #define PACKAGE_VERSION "3.0"
| #define PACKAGE_STRING "hdf-eos2 3.0"
| #define PACKAGE_BUGREPORT "null@bogus.email"
| #define PACKAGE_URL ""
| #define PACKAGE "hdf-eos2"
| #define VERSION "3.0"
| #define STDC_HEADERS 1
| #define HAVE_SYS_TYPES_H 1
| #define HAVE_SYS_STAT_H 1
| #define HAVE_STDLIB_H 1
| #define HAVE_STRING_H 1
| #define HAVE_MEMORY_H 1
| #define HAVE_STRINGS_H 1
| #define HAVE_INTTYPES_H 1
| #define HAVE_STDINT_H 1
| #define HAVE_UNISTD_H 1
| #define HAVE_DLFCN_H 1
| #define LT_OBJDIR ".libs/"
| #define HAVE_LIBM 1
| #define SIZEOF_LONG 8
| #define HAVE_LIBJPEG 1
| #define HAVE_LIBZ 1
| #define HAVE_SZLIB_H 1
| #define HAVE_LIBSZ 1
| #define HAVE_FILTER_SZIP 1
| #define HAVE_FILTER_SZIP_ENCODER 1
| /* end confdefs.h.  */
| 
| /* Override any GCC internal prototype to avoid an error.
|    Use char because int might match the return type of a GCC
|    builtin and then its argument prototype would still apply.  */
| #ifdef __cplusplus
| extern "C"
| #endif
| char hdf_close ();
| #ifdef F77_DUMMY_MAIN
| 
| #  ifdef __cplusplus
|      extern "C"
| #  endif
|    int F77_DUMMY_MAIN() { return 1; }
| 
| #endif
| int
| main ()
| {
| return hdf_close ();
|   ;
|   return 0;
| }
configure:18194: result: no
configure:18225: checking for Hopen in -ldf
configure:18258: gcc -o conftest -g -O2  -DSIZEOF_LONG=8 -L/usr/lib64/hdf  conftest.c -ldf  -lsz -lz -ljpeg -lm  >&5
/usr/bin/ld: cannot find -ldf: No such file or directory
collect2: error: ld returned 1 exit status
configure:18258: $? = 1
configure: failed program was:
| /* confdefs.h */
| #define PACKAGE_NAME "hdf-eos2"
| #define PACKAGE_TARNAME "hdf-eos2"
| #define PACKAGE_VERSION "3.0"
| #define PACKAGE_STRING "hdf-eos2 3.0"
| #define PACKAGE_BUGREPORT "null@bogus.email"
| #define PACKAGE_URL ""
| #define PACKAGE "hdf-eos2"
| #define VERSION "3.0"
| #define STDC_HEADERS 1
| #define HAVE_SYS_TYPES_H 1
| #define HAVE_SYS_STAT_H 1
| #define HAVE_STDLIB_H 1
| #define HAVE_STRING_H 1
| #define HAVE_MEMORY_H 1
| #define HAVE_STRINGS_H 1
| #define HAVE_INTTYPES_H 1
| #define HAVE_STDINT_H 1
| #define HAVE_UNISTD_H 1
| #define HAVE_DLFCN_H 1
| #define LT_OBJDIR ".libs/"
| #define HAVE_LIBM 1
| #define SIZEOF_LONG 8
| #define HAVE_LIBJPEG 1
| #define HAVE_LIBZ 1
| #define HAVE_SZLIB_H 1
| #define HAVE_LIBSZ 1
| #define HAVE_FILTER_SZIP 1
| #define HAVE_FILTER_SZIP_ENCODER 1
| /* end confdefs.h.  */
| 
| /* Override any GCC internal prototype to avoid an error.
|    Use char because int might match the return type of a GCC
|    builtin and then its argument prototype would still apply.  */
| #ifdef __cplusplus
| extern "C"
| #endif
| char Hopen ();
| #ifdef F77_DUMMY_MAIN
| 
| #  ifdef __cplusplus
|      extern "C"
| #  endif
|    int F77_DUMMY_MAIN() { return 1; }
| 
| #endif
| int
| main ()
| {
| return Hopen ();
|   ;
|   return 0;
| }
configure:18267: result: no
configure:18283: checking for hdf_close in -lmfhdf
configure:18316: gcc -o conftest -g -O2  -DSIZEOF_LONG=8 -L/usr/lib64/hdf  conftest.c -lmfhdf  -lsz -lz -ljpeg -lm  >&5
/usr/bin/ld: cannot find -lmfhdf: No such file or directory
collect2: error: ld returned 1 exit status
configure:18316: $? = 1
configure: failed program was:
| /* confdefs.h */
| #define PACKAGE_NAME "hdf-eos2"
| #define PACKAGE_TARNAME "hdf-eos2"
| #define PACKAGE_VERSION "3.0"
| #define PACKAGE_STRING "hdf-eos2 3.0"
| #define PACKAGE_BUGREPORT "null@bogus.email"
| #define PACKAGE_URL ""
| #define PACKAGE "hdf-eos2"
| #define VERSION "3.0"
| #define STDC_HEADERS 1
| #define HAVE_SYS_TYPES_H 1
| #define HAVE_SYS_STAT_H 1
| #define HAVE_STDLIB_H 1
| #define HAVE_STRING_H 1
| #define HAVE_MEMORY_H 1
| #define HAVE_STRINGS_H 1
| #define HAVE_INTTYPES_H 1
| #define HAVE_STDINT_H 1
| #define HAVE_UNISTD_H 1
| #define HAVE_DLFCN_H 1
| #define LT_OBJDIR ".libs/"
| #define HAVE_LIBM 1
| #define SIZEOF_LONG 8
| #define HAVE_LIBJPEG 1
| #define HAVE_LIBZ 1
| #define HAVE_SZLIB_H 1
| #define HAVE_LIBSZ 1
| #define HAVE_FILTER_SZIP 1
| #define HAVE_FILTER_SZIP_ENCODER 1
| /* end confdefs.h.  */
| 
| /* Override any GCC internal prototype to avoid an error.
|    Use char because int might match the return type of a GCC
|    builtin and then its argument prototype would still apply.  */
| #ifdef __cplusplus
| extern "C"
| #endif
| char hdf_close ();
| #ifdef F77_DUMMY_MAIN
| 
| #  ifdef __cplusplus
|      extern "C"
| #  endif
|    int F77_DUMMY_MAIN() { return 1; }
| 
| #endif
| int
| main ()
| {
| return hdf_close ();
|   ;
|   return 0;
| }
configure:18325: result: no
configure:18365: checking hdf.h usability
configure:18365: gcc -c -g -O2  -DSIZEOF_LONG=8 conftest.c >&5
conftest.c:64:10: fatal error: hdf.h: No such file or directory
   64 | #include <hdf.h>
      |          ^~~~~~~
compilation terminated.
configure:18365: $? = 1
configure: failed program was:
| /* confdefs.h */
| #define PACKAGE_NAME "hdf-eos2"
| #define PACKAGE_TARNAME "hdf-eos2"
| #define PACKAGE_VERSION "3.0"
| #define PACKAGE_STRING "hdf-eos2 3.0"
| #define PACKAGE_BUGREPORT "null@bogus.email"
| #define PACKAGE_URL ""
| #define PACKAGE "hdf-eos2"
| #define VERSION "3.0"
| #define STDC_HEADERS 1
| #define HAVE_SYS_TYPES_H 1
| #define HAVE_SYS_STAT_H 1
| #define HAVE_STDLIB_H 1
| #define HAVE_STRING_H 1
| #define HAVE_MEMORY_H 1
| #define HAVE_STRINGS_H 1
| #define HAVE_INTTYPES_H 1
| #define HAVE_STDINT_H 1
| #define HAVE_UNISTD_H 1
| #define HAVE_DLFCN_H 1
| #define LT_OBJDIR ".libs/"
| #define HAVE_LIBM 1
| #define SIZEOF_LONG 8
| #define HAVE_LIBJPEG 1
| #define HAVE_LIBZ 1
| #define HAVE_SZLIB_H 1
| #define HAVE_LIBSZ 1
| #define HAVE_FILTER_SZIP 1
| #define HAVE_FILTER_SZIP_ENCODER 1
| /* end confdefs.h.  */
| #include <stdio.h>
| #ifdef HAVE_SYS_TYPES_H
| # include <sys/types.h>
| #endif
| #ifdef HAVE_SYS_STAT_H
| # include <sys/stat.h>
| #endif
| #ifdef STDC_HEADERS
| # include <stdlib.h>
| # include <stddef.h>
| #else
| # ifdef HAVE_STDLIB_H
| #  include <stdlib.h>
| # endif
| #endif
| #ifdef HAVE_STRING_H
| # if !defined STDC_HEADERS && defined HAVE_MEMORY_H
| #  include <memory.h>
| # endif
| # include <string.h>
| #endif
| #ifdef HAVE_STRINGS_H
| # include <strings.h>
| #endif
| #ifdef HAVE_INTTYPES_H
| # include <inttypes.h>
| #endif
| #ifdef HAVE_STDINT_H
| # include <stdint.h>
| #endif
| #ifdef HAVE_UNISTD_H
| # include <unistd.h>
| #endif
| #include <hdf.h>
configure:18365: result: no
configure:18365: checking hdf.h presence
configure:18365: gcc -E  -DSIZEOF_LONG=8 conftest.c
conftest.c:31:10: fatal error: hdf.h: No such file or directory
   31 | #include <hdf.h>
      |          ^~~~~~~
compilation terminated.
configure:18365: $? = 1
configure: failed program was:
| /* confdefs.h */
| #define PACKAGE_NAME "hdf-eos2"
| #define PACKAGE_TARNAME "hdf-eos2"
| #define PACKAGE_VERSION "3.0"
| #define PACKAGE_STRING "hdf-eos2 3.0"
| #define PACKAGE_BUGREPORT "null@bogus.email"
| #define PACKAGE_URL ""
| #define PACKAGE "hdf-eos2"
| #define VERSION "3.0"
| #define STDC_HEADERS 1
| #define HAVE_SYS_TYPES_H 1
| #define HAVE_SYS_STAT_H 1
| #define HAVE_STDLIB_H 1
| #define HAVE_STRING_H 1
| #define HAVE_MEMORY_H 1
| #define HAVE_STRINGS_H 1
| #define HAVE_INTTYPES_H 1
| #define HAVE_STDINT_H 1
| #define HAVE_UNISTD_H 1
| #define HAVE_DLFCN_H 1
| #define LT_OBJDIR ".libs/"
| #define HAVE_LIBM 1
| #define SIZEOF_LONG 8
| #define HAVE_LIBJPEG 1
| #define HAVE_LIBZ 1
| #define HAVE_SZLIB_H 1
| #define HAVE_LIBSZ 1
| #define HAVE_FILTER_SZIP 1
| #define HAVE_FILTER_SZIP_ENCODER 1
| /* end confdefs.h.  */
| #include <hdf.h>
configure:18365: result: no
configure:18365: checking for hdf.h
configure:18365: result: no
configure:18382: checking mfhdf.h usability
configure:18382: gcc -c -g -O2  -DSIZEOF_LONG=8 conftest.c >&5
conftest.c:64:10: fatal error: mfhdf.h: No such file or directory
   64 | #include <mfhdf.h>
      |          ^~~~~~~~~
compilation terminated.
configure:18382: $? = 1
configure: failed program was:
| /* confdefs.h */
| #define PACKAGE_NAME "hdf-eos2"
| #define PACKAGE_TARNAME "hdf-eos2"
| #define PACKAGE_VERSION "3.0"
| #define PACKAGE_STRING "hdf-eos2 3.0"
| #define PACKAGE_BUGREPORT "null@bogus.email"
| #define PACKAGE_URL ""
| #define PACKAGE "hdf-eos2"
| #define VERSION "3.0"
| #define STDC_HEADERS 1
| #define HAVE_SYS_TYPES_H 1
| #define HAVE_SYS_STAT_H 1
| #define HAVE_STDLIB_H 1
| #define HAVE_STRING_H 1
| #define HAVE_MEMORY_H 1
| #define HAVE_STRINGS_H 1
| #define HAVE_INTTYPES_H 1
| #define HAVE_STDINT_H 1
| #define HAVE_UNISTD_H 1
| #define HAVE_DLFCN_H 1
| #define LT_OBJDIR ".libs/"
| #define HAVE_LIBM 1
| #define SIZEOF_LONG 8
| #define HAVE_LIBJPEG 1
| #define HAVE_LIBZ 1
| #define HAVE_SZLIB_H 1
| #define HAVE_LIBSZ 1
| #define HAVE_FILTER_SZIP 1
| #define HAVE_FILTER_SZIP_ENCODER 1
| /* end confdefs.h.  */
| #include <stdio.h>
| #ifdef HAVE_SYS_TYPES_H
| # include <sys/types.h>
| #endif
| #ifdef HAVE_SYS_STAT_H
| # include <sys/stat.h>
| #endif
| #ifdef STDC_HEADERS
| # include <stdlib.h>
| # include <stddef.h>
| #else
| # ifdef HAVE_STDLIB_H
| #  include <stdlib.h>
| # endif
| #endif
| #ifdef HAVE_STRING_H
| # if !defined STDC_HEADERS && defined HAVE_MEMORY_H
| #  include <memory.h>
| # endif
| # include <string.h>
| #endif
| #ifdef HAVE_STRINGS_H
| # include <strings.h>
| #endif
| #ifdef HAVE_INTTYPES_H
| # include <inttypes.h>
| #endif
| #ifdef HAVE_STDINT_H
| # include <stdint.h>
| #endif
| #ifdef HAVE_UNISTD_H
| # include <unistd.h>
| #endif
| #include <mfhdf.h>
configure:18382: result: no
configure:18382: checking mfhdf.h presence
configure:18382: gcc -E  -DSIZEOF_LONG=8 conftest.c
conftest.c:31:10: fatal error: mfhdf.h: No such file or directory
   31 | #include <mfhdf.h>
      |          ^~~~~~~~~
compilation terminated.
configure:18382: $? = 1
configure: failed program was:
| /* confdefs.h */
| #define PACKAGE_NAME "hdf-eos2"
| #define PACKAGE_TARNAME "hdf-eos2"
| #define PACKAGE_VERSION "3.0"
| #define PACKAGE_STRING "hdf-eos2 3.0"
| #define PACKAGE_BUGREPORT "null@bogus.email"
| #define PACKAGE_URL ""
| #define PACKAGE "hdf-eos2"
| #define VERSION "3.0"
| #define STDC_HEADERS 1
| #define HAVE_SYS_TYPES_H 1
| #define HAVE_SYS_STAT_H 1
| #define HAVE_STDLIB_H 1
| #define HAVE_STRING_H 1
| #define HAVE_MEMORY_H 1
| #define HAVE_STRINGS_H 1
| #define HAVE_INTTYPES_H 1
| #define HAVE_STDINT_H 1
| #define HAVE_UNISTD_H 1
| #define HAVE_DLFCN_H 1
| #define LT_OBJDIR ".libs/"
| #define HAVE_LIBM 1
| #define SIZEOF_LONG 8
| #define HAVE_LIBJPEG 1
| #define HAVE_LIBZ 1
| #define HAVE_SZLIB_H 1
| #define HAVE_LIBSZ 1
| #define HAVE_FILTER_SZIP 1
| #define HAVE_FILTER_SZIP_ENCODER 1
| /* end confdefs.h.  */
| #include <mfhdf.h>
configure:18382: result: no
configure:18382: checking for mfhdf.h
configure:18382: result: no
configure:18413: checking hdf.h usability
configure:18413: gcc -c -g -O2  -DSIZEOF_LONG=8 -I/usr/local/include conftest.c >&5
conftest.c:64:10: fatal error: hdf.h: No such file or directory
   64 | #include <hdf.h>
      |          ^~~~~~~
compilation terminated.
configure:18413: $? = 1
configure: failed program was:
| /* confdefs.h */
| #define PACKAGE_NAME "hdf-eos2"
| #define PACKAGE_TARNAME "hdf-eos2"
| #define PACKAGE_VERSION "3.0"
| #define PACKAGE_STRING "hdf-eos2 3.0"
| #define PACKAGE_BUGREPORT "null@bogus.email"
| #define PACKAGE_URL ""
| #define PACKAGE "hdf-eos2"
| #define VERSION "3.0"
| #define STDC_HEADERS 1
| #define HAVE_SYS_TYPES_H 1
| #define HAVE_SYS_STAT_H 1
| #define HAVE_STDLIB_H 1
| #define HAVE_STRING_H 1
| #define HAVE_MEMORY_H 1
| #define HAVE_STRINGS_H 1
| #define HAVE_INTTYPES_H 1
| #define HAVE_STDINT_H 1
| #define HAVE_UNISTD_H 1
| #define HAVE_DLFCN_H 1
| #define LT_OBJDIR ".libs/"
| #define HAVE_LIBM 1
| #define SIZEOF_LONG 8
| #define HAVE_LIBJPEG 1
| #define HAVE_LIBZ 1
| #define HAVE_SZLIB_H 1
| #define HAVE_LIBSZ 1
| #define HAVE_FILTER_SZIP 1
| #define HAVE_FILTER_SZIP_ENCODER 1
| /* end confdefs.h.  */
| #include <stdio.h>
| #ifdef HAVE_SYS_TYPES_H
| # include <sys/types.h>
| #endif
| #ifdef HAVE_SYS_STAT_H
| # include <sys/stat.h>
| #endif
| #ifdef STDC_HEADERS
| # include <stdlib.h>
| # include <stddef.h>
| #else
| # ifdef HAVE_STDLIB_H
| #  include <stdlib.h>
| # endif
| #endif
| #ifdef HAVE_STRING_H
| # if !defined STDC_HEADERS && defined HAVE_MEMORY_H
| #  include <memory.h>
| # endif
| # include <string.h>
| #endif
| #ifdef HAVE_STRINGS_H
| # include <strings.h>
| #endif
| #ifdef HAVE_INTTYPES_H
| # include <inttypes.h>
| #endif
| #ifdef HAVE_STDINT_H
| # include <stdint.h>
| #endif
| #ifdef HAVE_UNISTD_H
| # include <unistd.h>
| #endif
| #include <hdf.h>
configure:18413: result: no
configure:18413: checking hdf.h presence
configure:18413: gcc -E  -DSIZEOF_LONG=8 -I/usr/local/include conftest.c
conftest.c:31:10: fatal error: hdf.h: No such file or directory
   31 | #include <hdf.h>
      |          ^~~~~~~
compilation terminated.
configure:18413: $? = 1
configure: failed program was:
| /* confdefs.h */
| #define PACKAGE_NAME "hdf-eos2"
| #define PACKAGE_TARNAME "hdf-eos2"
| #define PACKAGE_VERSION "3.0"
| #define PACKAGE_STRING "hdf-eos2 3.0"
| #define PACKAGE_BUGREPORT "null@bogus.email"
| #define PACKAGE_URL ""
| #define PACKAGE "hdf-eos2"
| #define VERSION "3.0"
| #define STDC_HEADERS 1
| #define HAVE_SYS_TYPES_H 1
| #define HAVE_SYS_STAT_H 1
| #define HAVE_STDLIB_H 1
| #define HAVE_STRING_H 1
| #define HAVE_MEMORY_H 1
| #define HAVE_STRINGS_H 1
| #define HAVE_INTTYPES_H 1
| #define HAVE_STDINT_H 1
| #define HAVE_UNISTD_H 1
| #define HAVE_DLFCN_H 1
| #define LT_OBJDIR ".libs/"
| #define HAVE_LIBM 1
| #define SIZEOF_LONG 8
| #define HAVE_LIBJPEG 1
| #define HAVE_LIBZ 1
| #define HAVE_SZLIB_H 1
| #define HAVE_LIBSZ 1
| #define HAVE_FILTER_SZIP 1
| #define HAVE_FILTER_SZIP_ENCODER 1
| /* end confdefs.h.  */
| #include <hdf.h>
configure:18413: result: no
configure:18413: checking for hdf.h
configure:18413: result: no
configure:18430: checking mfhdf.h usability
configure:18430: gcc -c -g -O2  -DSIZEOF_LONG=8 -I/usr/local/include conftest.c >&5
conftest.c:64:10: fatal error: mfhdf.h: No such file or directory
   64 | #include <mfhdf.h>
      |          ^~~~~~~~~
compilation terminated.
configure:18430: $? = 1
configure: failed program was:
| /* confdefs.h */
| #define PACKAGE_NAME "hdf-eos2"
| #define PACKAGE_TARNAME "hdf-eos2"
| #define PACKAGE_VERSION "3.0"
| #define PACKAGE_STRING "hdf-eos2 3.0"
| #define PACKAGE_BUGREPORT "null@bogus.email"
| #define PACKAGE_URL ""
| #define PACKAGE "hdf-eos2"
| #define VERSION "3.0"
| #define STDC_HEADERS 1
| #define HAVE_SYS_TYPES_H 1
| #define HAVE_SYS_STAT_H 1
| #define HAVE_STDLIB_H 1
| #define HAVE_STRING_H 1
| #define HAVE_MEMORY_H 1
| #define HAVE_STRINGS_H 1
| #define HAVE_INTTYPES_H 1
| #define HAVE_STDINT_H 1
| #define HAVE_UNISTD_H 1
| #define HAVE_DLFCN_H 1
| #define LT_OBJDIR ".libs/"
| #define HAVE_LIBM 1
| #define SIZEOF_LONG 8
| #define HAVE_LIBJPEG 1
| #define HAVE_LIBZ 1
| #define HAVE_SZLIB_H 1
| #define HAVE_LIBSZ 1
| #define HAVE_FILTER_SZIP 1
| #define HAVE_FILTER_SZIP_ENCODER 1
| /* end confdefs.h.  */
| #include <stdio.h>
| #ifdef HAVE_SYS_TYPES_H
| # include <sys/types.h>
| #endif
| #ifdef HAVE_SYS_STAT_H
| # include <sys/stat.h>
| #endif
| #ifdef STDC_HEADERS
| # include <stdlib.h>
| # include <stddef.h>
| #else
| # ifdef HAVE_STDLIB_H
| #  include <stdlib.h>
| # endif
| #endif
| #ifdef HAVE_STRING_H
| # if !defined STDC_HEADERS && defined HAVE_MEMORY_H
| #  include <memory.h>
| # endif
| # include <string.h>
| #endif
| #ifdef HAVE_STRINGS_H
| # include <strings.h>
| #endif
| #ifdef HAVE_INTTYPES_H
| # include <inttypes.h>
| #endif
| #ifdef HAVE_STDINT_H
| # include <stdint.h>
| #endif
| #ifdef HAVE_UNISTD_H
| # include <unistd.h>
| #endif
| #include <mfhdf.h>
configure:18430: result: no
configure:18430: checking mfhdf.h presence
configure:18430: gcc -E  -DSIZEOF_LONG=8 -I/usr/local/include conftest.c
conftest.c:31:10: fatal error: mfhdf.h: No such file or directory
   31 | #include <mfhdf.h>
      |          ^~~~~~~~~
compilation terminated.
configure:18430: $? = 1
configure: failed program was:
| /* confdefs.h */
| #define PACKAGE_NAME "hdf-eos2"
| #define PACKAGE_TARNAME "hdf-eos2"
| #define PACKAGE_VERSION "3.0"
| #define PACKAGE_STRING "hdf-eos2 3.0"
| #define PACKAGE_BUGREPORT "null@bogus.email"
| #define PACKAGE_URL ""
| #define PACKAGE "hdf-eos2"
| #define VERSION "3.0"
| #define STDC_HEADERS 1
| #define HAVE_SYS_TYPES_H 1
| #define HAVE_SYS_STAT_H 1
| #define HAVE_STDLIB_H 1
| #define HAVE_STRING_H 1
| #define HAVE_MEMORY_H 1
| #define HAVE_STRINGS_H 1
| #define HAVE_INTTYPES_H 1
| #define HAVE_STDINT_H 1
| #define HAVE_UNISTD_H 1
| #define HAVE_DLFCN_H 1
| #define LT_OBJDIR ".libs/"
| #define HAVE_LIBM 1
| #define SIZEOF_LONG 8
| #define HAVE_LIBJPEG 1
| #define HAVE_LIBZ 1
| #define HAVE_SZLIB_H 1
| #define HAVE_LIBSZ 1
| #define HAVE_FILTER_SZIP 1
| #define HAVE_FILTER_SZIP_ENCODER 1
| /* end confdefs.h.  */
| #include <mfhdf.h>
configure:18430: result: no
configure:18430: checking for mfhdf.h
configure:18430: result: no
configure:18461: checking hdf.h usability
configure:18461: gcc -c -g -O2  -DSIZEOF_LONG=8 -I/opt/local/include conftest.c >&5
conftest.c:64:10: fatal error: hdf.h: No such file or directory
   64 | #include <hdf.h>
      |          ^~~~~~~
compilation terminated.
configure:18461: $? = 1
configure: failed program was:
| /* confdefs.h */
| #define PACKAGE_NAME "hdf-eos2"
| #define PACKAGE_TARNAME "hdf-eos2"
| #define PACKAGE_VERSION "3.0"
| #define PACKAGE_STRING "hdf-eos2 3.0"
| #define PACKAGE_BUGREPORT "null@bogus.email"
| #define PACKAGE_URL ""
| #define PACKAGE "hdf-eos2"
| #define VERSION "3.0"
| #define STDC_HEADERS 1
| #define HAVE_SYS_TYPES_H 1
| #define HAVE_SYS_STAT_H 1
| #define HAVE_STDLIB_H 1
| #define HAVE_STRING_H 1
| #define HAVE_MEMORY_H 1
| #define HAVE_STRINGS_H 1
| #define HAVE_INTTYPES_H 1
| #define HAVE_STDINT_H 1
| #define HAVE_UNISTD_H 1
| #define HAVE_DLFCN_H 1
| #define LT_OBJDIR ".libs/"
| #define HAVE_LIBM 1
| #define SIZEOF_LONG 8
| #define HAVE_LIBJPEG 1
| #define HAVE_LIBZ 1
| #define HAVE_SZLIB_H 1
| #define HAVE_LIBSZ 1
| #define HAVE_FILTER_SZIP 1
| #define HAVE_FILTER_SZIP_ENCODER 1
| /* end confdefs.h.  */
| #include <stdio.h>
| #ifdef HAVE_SYS_TYPES_H
| # include <sys/types.h>
| #endif
| #ifdef HAVE_SYS_STAT_H
| # include <sys/stat.h>
| #endif
| #ifdef STDC_HEADERS
| # include <stdlib.h>
| # include <stddef.h>
| #else
| # ifdef HAVE_STDLIB_H
| #  include <stdlib.h>
| # endif
| #endif
| #ifdef HAVE_STRING_H
| # if !defined STDC_HEADERS && defined HAVE_MEMORY_H
| #  include <memory.h>
| # endif
| # include <string.h>
| #endif
| #ifdef HAVE_STRINGS_H
| # include <strings.h>
| #endif
| #ifdef HAVE_INTTYPES_H
| # include <inttypes.h>
| #endif
| #ifdef HAVE_STDINT_H
| # include <stdint.h>
| #endif
| #ifdef HAVE_UNISTD_H
| # include <unistd.h>
| #endif
| #include <hdf.h>
configure:18461: result: no
configure:18461: checking hdf.h presence
configure:18461: gcc -E  -DSIZEOF_LONG=8 -I/opt/local/include conftest.c
conftest.c:31:10: fatal error: hdf.h: No such file or directory
   31 | #include <hdf.h>
      |          ^~~~~~~
compilation terminated.
configure:18461: $? = 1
configure: failed program was:
| /* confdefs.h */
| #define PACKAGE_NAME "hdf-eos2"
| #define PACKAGE_TARNAME "hdf-eos2"
| #define PACKAGE_VERSION "3.0"
| #define PACKAGE_STRING "hdf-eos2 3.0"
| #define PACKAGE_BUGREPORT "null@bogus.email"
| #define PACKAGE_URL ""
| #define PACKAGE "hdf-eos2"
| #define VERSION "3.0"
| #define STDC_HEADERS 1
| #define HAVE_SYS_TYPES_H 1
| #define HAVE_SYS_STAT_H 1
| #define HAVE_STDLIB_H 1
| #define HAVE_STRING_H 1
| #define HAVE_MEMORY_H 1
| #define HAVE_STRINGS_H 1
| #define HAVE_INTTYPES_H 1
| #define HAVE_STDINT_H 1
| #define HAVE_UNISTD_H 1
| #define HAVE_DLFCN_H 1
| #define LT_OBJDIR ".libs/"
| #define HAVE_LIBM 1
| #define SIZEOF_LONG 8
| #define HAVE_LIBJPEG 1
| #define HAVE_LIBZ 1
| #define HAVE_SZLIB_H 1
| #define HAVE_LIBSZ 1
| #define HAVE_FILTER_SZIP 1
| #define HAVE_FILTER_SZIP_ENCODER 1
| /* end confdefs.h.  */
| #include <hdf.h>
configure:18461: result: no
configure:18461: checking for hdf.h
configure:18461: result: no
configure:18478: checking mfhdf.h usability
configure:18478: gcc -c -g -O2  -DSIZEOF_LONG=8 -I/opt/local/include conftest.c >&5
conftest.c:64:10: fatal error: mfhdf.h: No such file or directory
   64 | #include <mfhdf.h>
      |          ^~~~~~~~~
compilation terminated.
configure:18478: $? = 1
configure: failed program was:
| /* confdefs.h */
| #define PACKAGE_NAME "hdf-eos2"
| #define PACKAGE_TARNAME "hdf-eos2"
| #define PACKAGE_VERSION "3.0"
| #define PACKAGE_STRING "hdf-eos2 3.0"
| #define PACKAGE_BUGREPORT "null@bogus.email"
| #define PACKAGE_URL ""
| #define PACKAGE "hdf-eos2"
| #define VERSION "3.0"
| #define STDC_HEADERS 1
| #define HAVE_SYS_TYPES_H 1
| #define HAVE_SYS_STAT_H 1
| #define HAVE_STDLIB_H 1
| #define HAVE_STRING_H 1
| #define HAVE_MEMORY_H 1
| #define HAVE_STRINGS_H 1
| #define HAVE_INTTYPES_H 1
| #define HAVE_STDINT_H 1
| #define HAVE_UNISTD_H 1
| #define HAVE_DLFCN_H 1
| #define LT_OBJDIR ".libs/"
| #define HAVE_LIBM 1
| #define SIZEOF_LONG 8
| #define HAVE_LIBJPEG 1
| #define HAVE_LIBZ 1
| #define HAVE_SZLIB_H 1
| #define HAVE_LIBSZ 1
| #define HAVE_FILTER_SZIP 1
| #define HAVE_FILTER_SZIP_ENCODER 1
| /* end confdefs.h.  */
| #include <stdio.h>
| #ifdef HAVE_SYS_TYPES_H
| # include <sys/types.h>
| #endif
| #ifdef HAVE_SYS_STAT_H
| # include <sys/stat.h>
| #endif
| #ifdef STDC_HEADERS
| # include <stdlib.h>
| # include <stddef.h>
| #else
| # ifdef HAVE_STDLIB_H
| #  include <stdlib.h>
| # endif
| #endif
| #ifdef HAVE_STRING_H
| # if !defined STDC_HEADERS && defined HAVE_MEMORY_H
| #  include <memory.h>
| # endif
| # include <string.h>
| #endif
| #ifdef HAVE_STRINGS_H
| # include <strings.h>
| #endif
| #ifdef HAVE_INTTYPES_H
| # include <inttypes.h>
| #endif
| #ifdef HAVE_STDINT_H
| # include <stdint.h>
| #endif
| #ifdef HAVE_UNISTD_H
| # include <unistd.h>
| #endif
| #include <mfhdf.h>
configure:18478: result: no
configure:18478: checking mfhdf.h presence
configure:18478: gcc -E  -DSIZEOF_LONG=8 -I/opt/local/include conftest.c
conftest.c:31:10: fatal error: mfhdf.h: No such file or directory
   31 | #include <mfhdf.h>
      |          ^~~~~~~~~
compilation terminated.
configure:18478: $? = 1
configure: failed program was:
| /* confdefs.h */
| #define PACKAGE_NAME "hdf-eos2"
| #define PACKAGE_TARNAME "hdf-eos2"
| #define PACKAGE_VERSION "3.0"
| #define PACKAGE_STRING "hdf-eos2 3.0"
| #define PACKAGE_BUGREPORT "null@bogus.email"
| #define PACKAGE_URL ""
| #define PACKAGE "hdf-eos2"
| #define VERSION "3.0"
| #define STDC_HEADERS 1
| #define HAVE_SYS_TYPES_H 1
| #define HAVE_SYS_STAT_H 1
| #define HAVE_STDLIB_H 1
| #define HAVE_STRING_H 1
| #define HAVE_MEMORY_H 1
| #define HAVE_STRINGS_H 1
| #define HAVE_INTTYPES_H 1
| #define HAVE_STDINT_H 1
| #define HAVE_UNISTD_H 1
| #define HAVE_DLFCN_H 1
| #define LT_OBJDIR ".libs/"
| #define HAVE_LIBM 1
| #define SIZEOF_LONG 8
| #define HAVE_LIBJPEG 1
| #define HAVE_LIBZ 1
| #define HAVE_SZLIB_H 1
| #define HAVE_LIBSZ 1
| #define HAVE_FILTER_SZIP 1
| #define HAVE_FILTER_SZIP_ENCODER 1
| /* end confdefs.h.  */
| #include <mfhdf.h>
configure:18478: result: no
configure:18478: checking for mfhdf.h
configure:18478: result: no
configure:18509: checking hdf.h usability
configure:18509: gcc -c -g -O2  -DSIZEOF_LONG=8 -I/usr/include/hdf conftest.c >&5
conftest.c:64:10: fatal error: hdf.h: No such file or directory
   64 | #include <hdf.h>
      |          ^~~~~~~
compilation terminated.
configure:18509: $? = 1
configure: failed program was:
| /* confdefs.h */
| #define PACKAGE_NAME "hdf-eos2"
| #define PACKAGE_TARNAME "hdf-eos2"
| #define PACKAGE_VERSION "3.0"
| #define PACKAGE_STRING "hdf-eos2 3.0"
| #define PACKAGE_BUGREPORT "null@bogus.email"
| #define PACKAGE_URL ""
| #define PACKAGE "hdf-eos2"
| #define VERSION "3.0"
| #define STDC_HEADERS 1
| #define HAVE_SYS_TYPES_H 1
| #define HAVE_SYS_STAT_H 1
| #define HAVE_STDLIB_H 1
| #define HAVE_STRING_H 1
| #define HAVE_MEMORY_H 1
| #define HAVE_STRINGS_H 1
| #define HAVE_INTTYPES_H 1
| #define HAVE_STDINT_H 1
| #define HAVE_UNISTD_H 1
| #define HAVE_DLFCN_H 1
| #define LT_OBJDIR ".libs/"
| #define HAVE_LIBM 1
| #define SIZEOF_LONG 8
| #define HAVE_LIBJPEG 1
| #define HAVE_LIBZ 1
| #define HAVE_SZLIB_H 1
| #define HAVE_LIBSZ 1
| #define HAVE_FILTER_SZIP 1
| #define HAVE_FILTER_SZIP_ENCODER 1
| /* end confdefs.h.  */
| #include <stdio.h>
| #ifdef HAVE_SYS_TYPES_H
| # include <sys/types.h>
| #endif
| #ifdef HAVE_SYS_STAT_H
| # include <sys/stat.h>
| #endif
| #ifdef STDC_HEADERS
| # include <stdlib.h>
| # include <stddef.h>
| #else
| # ifdef HAVE_STDLIB_H
| #  include <stdlib.h>
| # endif
| #endif
| #ifdef HAVE_STRING_H
| # if !defined STDC_HEADERS && defined HAVE_MEMORY_H
| #  include <memory.h>
| # endif
| # include <string.h>
| #endif
| #ifdef HAVE_STRINGS_H
| # include <strings.h>
| #endif
| #ifdef HAVE_INTTYPES_H
| # include <inttypes.h>
| #endif
| #ifdef HAVE_STDINT_H
| # include <stdint.h>
| #endif
| #ifdef HAVE_UNISTD_H
| # include <unistd.h>
| #endif
| #include <hdf.h>
configure:18509: result: no
configure:18509: checking hdf.h presence
configure:18509: gcc -E  -DSIZEOF_LONG=8 -I/usr/include/hdf conftest.c
conftest.c:31:10: fatal error: hdf.h: No such file or directory
   31 | #include <hdf.h>
      |          ^~~~~~~
compilation terminated.
configure:18509: $? = 1
configure: failed program was:
| /* confdefs.h */
| #define PACKAGE_NAME "hdf-eos2"
| #define PACKAGE_TARNAME "hdf-eos2"
| #define PACKAGE_VERSION "3.0"
| #define PACKAGE_STRING "hdf-eos2 3.0"
| #define PACKAGE_BUGREPORT "null@bogus.email"
| #define PACKAGE_URL ""
| #define PACKAGE "hdf-eos2"
| #define VERSION "3.0"
| #define STDC_HEADERS 1
| #define HAVE_SYS_TYPES_H 1
| #define HAVE_SYS_STAT_H 1
| #define HAVE_STDLIB_H 1
| #define HAVE_STRING_H 1
| #define HAVE_MEMORY_H 1
| #define HAVE_STRINGS_H 1
| #define HAVE_INTTYPES_H 1
| #define HAVE_STDINT_H 1
| #define HAVE_UNISTD_H 1
| #define HAVE_DLFCN_H 1
| #define LT_OBJDIR ".libs/"
| #define HAVE_LIBM 1
| #define SIZEOF_LONG 8
| #define HAVE_LIBJPEG 1
| #define HAVE_LIBZ 1
| #define HAVE_SZLIB_H 1
| #define HAVE_LIBSZ 1
| #define HAVE_FILTER_SZIP 1
| #define HAVE_FILTER_SZIP_ENCODER 1
| /* end confdefs.h.  */
| #include <hdf.h>
configure:18509: result: no
configure:18509: checking for hdf.h
configure:18509: result: no
configure:18526: checking mfhdf.h usability
configure:18526: gcc -c -g -O2  -DSIZEOF_LONG=8 -I/usr/include/hdf conftest.c >&5
conftest.c:64:10: fatal error: mfhdf.h: No such file or directory
   64 | #include <mfhdf.h>
      |          ^~~~~~~~~
compilation terminated.
configure:18526: $? = 1
configure: failed program was:
| /* confdefs.h */
| #define PACKAGE_NAME "hdf-eos2"
| #define PACKAGE_TARNAME "hdf-eos2"
| #define PACKAGE_VERSION "3.0"
| #define PACKAGE_STRING "hdf-eos2 3.0"
| #define PACKAGE_BUGREPORT "null@bogus.email"
| #define PACKAGE_URL ""
| #define PACKAGE "hdf-eos2"
| #define VERSION "3.0"
| #define STDC_HEADERS 1
| #define HAVE_SYS_TYPES_H 1
| #define HAVE_SYS_STAT_H 1
| #define HAVE_STDLIB_H 1
| #define HAVE_STRING_H 1
| #define HAVE_MEMORY_H 1
| #define HAVE_STRINGS_H 1
| #define HAVE_INTTYPES_H 1
| #define HAVE_STDINT_H 1
| #define HAVE_UNISTD_H 1
| #define HAVE_DLFCN_H 1
| #define LT_OBJDIR ".libs/"
| #define HAVE_LIBM 1
| #define SIZEOF_LONG 8
| #define HAVE_LIBJPEG 1
| #define HAVE_LIBZ 1
| #define HAVE_SZLIB_H 1
| #define HAVE_LIBSZ 1
| #define HAVE_FILTER_SZIP 1
| #define HAVE_FILTER_SZIP_ENCODER 1
| /* end confdefs.h.  */
| #include <stdio.h>
| #ifdef HAVE_SYS_TYPES_H
| # include <sys/types.h>
| #endif
| #ifdef HAVE_SYS_STAT_H
| # include <sys/stat.h>
| #endif
| #ifdef STDC_HEADERS
| # include <stdlib.h>
| # include <stddef.h>
| #else
| # ifdef HAVE_STDLIB_H
| #  include <stdlib.h>
| # endif
| #endif
| #ifdef HAVE_STRING_H
| # if !defined STDC_HEADERS && defined HAVE_MEMORY_H
| #  include <memory.h>
| # endif
| # include <string.h>
| #endif
| #ifdef HAVE_STRINGS_H
| # include <strings.h>
| #endif
| #ifdef HAVE_INTTYPES_H
| # include <inttypes.h>
| #endif
| #ifdef HAVE_STDINT_H
| # include <stdint.h>
| #endif
| #ifdef HAVE_UNISTD_H
| # include <unistd.h>
| #endif
| #include <mfhdf.h>
configure:18526: result: no
configure:18526: checking mfhdf.h presence
configure:18526: gcc -E  -DSIZEOF_LONG=8 -I/usr/include/hdf conftest.c
conftest.c:31:10: fatal error: mfhdf.h: No such file or directory
   31 | #include <mfhdf.h>
      |          ^~~~~~~~~
compilation terminated.
configure:18526: $? = 1
configure: failed program was:
| /* confdefs.h */
| #define PACKAGE_NAME "hdf-eos2"
| #define PACKAGE_TARNAME "hdf-eos2"
| #define PACKAGE_VERSION "3.0"
| #define PACKAGE_STRING "hdf-eos2 3.0"
| #define PACKAGE_BUGREPORT "null@bogus.email"
| #define PACKAGE_URL ""
| #define PACKAGE "hdf-eos2"
| #define VERSION "3.0"
| #define STDC_HEADERS 1
| #define HAVE_SYS_TYPES_H 1
| #define HAVE_SYS_STAT_H 1
| #define HAVE_STDLIB_H 1
| #define HAVE_STRING_H 1
| #define HAVE_MEMORY_H 1
| #define HAVE_STRINGS_H 1
| #define HAVE_INTTYPES_H 1
| #define HAVE_STDINT_H 1
| #define HAVE_UNISTD_H 1
| #define HAVE_DLFCN_H 1
| #define LT_OBJDIR ".libs/"
| #define HAVE_LIBM 1
| #define SIZEOF_LONG 8
| #define HAVE_LIBJPEG 1
| #define HAVE_LIBZ 1
| #define HAVE_SZLIB_H 1
| #define HAVE_LIBSZ 1
| #define HAVE_FILTER_SZIP 1
| #define HAVE_FILTER_SZIP_ENCODER 1
| /* end confdefs.h.  */
| #include <mfhdf.h>
configure:18526: result: no
configure:18526: checking for mfhdf.h
configure:18526: result: no
configure:18705: error: HDF4 header file hdf.h not found

## ---------------- ##
## Cache variables. ##
## ---------------- ##

ac_cv_build=x86_64-unknown-linux-gnu
ac_cv_c_bigendian=no
ac_cv_c_compiler_gnu=yes
ac_cv_env_CC_set=
ac_cv_env_CC_value=
ac_cv_env_CFLAGS_set=
ac_cv_env_CFLAGS_value=
ac_cv_env_CPPFLAGS_set=
ac_cv_env_CPPFLAGS_value=
ac_cv_env_CPP_set=
ac_cv_env_CPP_value=
ac_cv_env_F77_set=
ac_cv_env_F77_value=
ac_cv_env_FFLAGS_set=
ac_cv_env_FFLAGS_value=
ac_cv_env_LDFLAGS_set=
ac_cv_env_LDFLAGS_value=
ac_cv_env_LIBS_set=
ac_cv_env_LIBS_value=
ac_cv_env_build_alias_set=
ac_cv_env_build_alias_value=
ac_cv_env_host_alias_set=
ac_cv_env_host_alias_value=
ac_cv_env_target_alias_set=
ac_cv_env_target_alias_value=
ac_cv_f77_compiler_gnu=yes
ac_cv_header_dlfcn_h=yes
ac_cv_header_hdf_h=no
ac_cv_header_inttypes_h=yes
ac_cv_header_memory_h=yes
ac_cv_header_mfhdf_h=no
ac_cv_header_stdc=yes
ac_cv_header_stdint_h=yes
ac_cv_header_stdlib_h=yes
ac_cv_header_string_h=yes
ac_cv_header_strings_h=yes
ac_cv_header_sys_stat_h=yes
ac_cv_header_sys_types_h=yes
ac_cv_header_szlib_h=yes
ac_cv_header_unistd_h=yes
ac_cv_host=x86_64-unknown-linux-gnu
ac_cv_lib_df_Hopen=no
ac_cv_lib_jpeg_jpeg_set_defaults=yes
ac_cv_lib_m_ceil=yes
ac_cv_lib_mfhdf_hdf_close=no
ac_cv_lib_sz_SZ_BufftoBuffCompress=yes
ac_cv_lib_z_compress2=yes
ac_cv_objext=o
ac_cv_path_EGREP='/usr/bin/grep -E'
ac_cv_path_FGREP='/usr/bin/grep -F'
ac_cv_path_GREP=/usr/bin/grep
ac_cv_path_SED=/usr/bin/sed
ac_cv_path_install='/usr/bin/install -c'
ac_cv_path_mkdir=/usr/bin/mkdir
ac_cv_prog_AWK=gawk
ac_cv_prog_CPP='gcc -E'
ac_cv_prog_ac_ct_AR=ar
ac_cv_prog_ac_ct_CC=gcc
ac_cv_prog_ac_ct_F77=f77
ac_cv_prog_ac_ct_MANIFEST_TOOL=mt
ac_cv_prog_ac_ct_OBJDUMP=objdump
ac_cv_prog_ac_ct_RANLIB=ranlib
ac_cv_prog_ac_ct_STRIP=strip
ac_cv_prog_cc_c89=
ac_cv_prog_cc_g=yes
ac_cv_prog_f77_g=yes
ac_cv_prog_make_make_set=yes
ac_cv_sizeof_long=8
am_cv_CC_dependencies_compiler_type=gcc3
am_cv_make_support_nested_variables=yes
lt_cv_ar_at_file=@
lt_cv_deplibs_check_method=pass_all
lt_cv_file_magic_cmd='$MAGIC_CMD'
lt_cv_file_magic_test_file=
lt_cv_ld_reload_flag=-r
lt_cv_nm_interface='BSD nm'
lt_cv_objdir=.libs
lt_cv_path_LD=/usr/bin/ld
lt_cv_path_NM='/usr/bin/nm -B'
lt_cv_path_mainfest_tool=no
lt_cv_prog_compiler_c_o=yes
lt_cv_prog_compiler_c_o_F77=yes
lt_cv_prog_compiler_pic='-fPIC -DPIC'
lt_cv_prog_compiler_pic_F77=-fPIC
lt_cv_prog_compiler_pic_works=yes
lt_cv_prog_compiler_pic_works_F77=yes
lt_cv_prog_compiler_rtti_exceptions=no
lt_cv_prog_compiler_static_works=yes
lt_cv_prog_compiler_static_works_F77=yes
lt_cv_prog_gnu_ld=yes
lt_cv_sharedlib_from_linklib_cmd='printf %s\n'
lt_cv_shlibpath_overrides_runpath=yes
lt_cv_sys_global_symbol_pipe='sed -n -e '\''s/^.*[	 ]\([ABCDGIRSTW][ABCDGIRSTW]*\)[	 ][	 ]*\([_A-Za-z][_A-Za-z0-9]*\)$/\1 \2 \2/p'\'' | sed '\''/ __gnu_lto/d'\'''
lt_cv_sys_global_symbol_to_c_name_address='sed -n -e '\''s/^: \([^ ]*\)[ ]*$/  {\"\1\", (void *) 0},/p'\'' -e '\''s/^[ABCDGIRSTW]* \([^ ]*\) \([^ ]*\)$/  {"\2", (void *) \&\2},/p'\'''
lt_cv_sys_global_symbol_to_c_name_address_lib_prefix='sed -n -e '\''s/^: \([^ ]*\)[ ]*$/  {\"\1\", (void *) 0},/p'\'' -e '\''s/^[ABCDGIRSTW]* \([^ ]*\) \(lib[^ ]*\)$/  {"\2", (void *) \&\2},/p'\'' -e '\''s/^[ABCDGIRSTW]* \([^ ]*\) \([^ ]*\)$/  {"lib\2", (void *) \&\2},/p'\'''
lt_cv_sys_global_symbol_to_cdecl='sed -n -e '\''s/^T .* \(.*\)$/extern int \1();/p'\'' -e '\''s/^[ABCDGIRSTW]* .* \(.*\)$/extern char \1;/p'\'''
lt_cv_sys_max_cmd_len=1572864
lt_cv_to_host_file_cmd=func_convert_file_noop
lt_cv_to_tool_file_cmd=func_convert_file_noop

## ----------------- ##
## Output variables. ##
## ----------------- ##

ACLOCAL='${SHELL} /home/joseph/development/hdf-eos2-rs/hdf-eos5-sys/hdf-eos2-3.0/config/missing aclocal-1.13'
AMDEPBACKSLASH='\'
AMDEP_FALSE='#'
AMDEP_TRUE=''
AMTAR='$${TAR-tar}'
AM_BACKSLASH='\'
AM_DEFAULT_V='$(AM_DEFAULT_VERBOSITY)'
AM_DEFAULT_VERBOSITY='1'
AM_V='$(V)'
AR='ar'
AUTOCONF='${SHELL} /home/joseph/development/hdf-eos2-rs/hdf-eos5-sys/hdf-eos2-3.0/config/missing autoconf'
AUTOHEADER='${SHELL} /home/joseph/development/hdf-eos2-rs/hdf-eos5-sys/hdf-eos2-3.0/config/missing autoheader'
AUTOMAKE='${SHELL} /home/joseph/development/hdf-eos2-rs/hdf-eos5-sys/hdf-eos2-3.0/config/missing automake-1.13'
AWK='gawk'
CC='gcc'
CCDEPMODE='depmode=gcc3'
CFLAGS='-g -O2'
CPP='gcc -E'
CPPFLAGS=' -DSIZEOF_LONG=8'
CYGPATH_W='echo'
DEFS=''
DEPDIR='.deps'
DLLTOOL='false'
DSYMUTIL=''
DUMPBIN=''
ECHO_C=''
ECHO_N='-n'
ECHO_T=''
EGREP='/usr/bin/grep -E'
EXEEXT=''
F77='f77'
FFLAGS='-g -O2'
FGREP='/usr/bin/grep -F'
FLIBS=''
FORTRAN_77_CONDITIONAL_FALSE=''
FORTRAN_77_CONDITIONAL_TRUE=''
FORTRAN_90_CONDITIONAL_FALSE=''
FORTRAN_90_CONDITIONAL_TRUE=''
GCTP_INCLUDE_CONDITIONAL_FALSE=''
GCTP_INCLUDE_CONDITIONAL_TRUE=''
GREP='/usr/bin/grep'
INSTALL_DATA='${INSTALL} -m 644'
INSTALL_PROGRAM='${INSTALL}'
INSTALL_SCRIPT='${INSTALL}'
INSTALL_STRIP_PROGRAM='$(install_sh) -c -s'
LD='/usr/bin/ld -m elf_x86_64'
LDFLAGS=''
LIBOBJS=''
LIBS='-lsz -lz -ljpeg -lm '
LIBTOOL='$(SHELL) $(top_builddir)/libtool'
LIPO=''
LN_S='ln -s'
LTLIBOBJS=''
MAINT='#'
MAINTAINER_MODE_FALSE=''
MAINTAINER_MODE_TRUE='#'
MAKEINFO='${SHELL} /home/joseph/development/hdf-eos2-rs/hdf-eos5-sys/hdf-eos2-3.0/config/missing makeinfo'
MANIFEST_TOOL=':'
MKDIR_P='/usr/bin/mkdir -p'
NM='/usr/bin/nm -B'
NMEDIT=''
OBJDUMP='objdump'
OBJEXT='o'
OTOOL64=''
OTOOL=''
PACKAGE='hdf-eos2'
PACKAGE_BUGREPORT='null@bogus.email'
PACKAGE_NAME='hdf-eos2'
PACKAGE_STRING='hdf-eos2 3.0'
PACKAGE_TARNAME='hdf-eos2'
PACKAGE_URL=''
PACKAGE_VERSION='3.0'
PATH_SEPARATOR=':'
RANLIB='ranlib'
SED='/usr/bin/sed'
SET_MAKE=''
SHELL='/bin/bash'
STRIP='strip'
SZIP_ENCODER_CONDITIONAL_FALSE=''
SZIP_ENCODER_CONDITIONAL_TRUE=''
VERSION='3.0'
ac_ct_AR='ar'
ac_ct_CC='gcc'
ac_ct_DUMPBIN=''
ac_ct_F77='f77'
am__EXEEXT_FALSE=''
am__EXEEXT_TRUE=''
am__fastdepCC_FALSE='#'
am__fastdepCC_TRUE=''
am__include='include'
am__isrc=''
am__leading_dot='.'
am__nodep='_no'
am__quote=''
am__tar='$${TAR-tar} chof - "$$tardir"'
am__untar='$${TAR-tar} xf -'
bindir='${exec_prefix}/bin'
build='x86_64-unknown-linux-gnu'
build_alias=''
build_cpu='x86_64'
build_os='linux-gnu'
build_vendor='unknown'
datadir='${datarootdir}'
datarootdir='${prefix}/share'
docdir='${datarootdir}/doc/${PACKAGE_TARNAME}'
dvidir='${docdir}'
exec_prefix='NONE'
host='x86_64-unknown-linux-gnu'
host_alias=''
host_cpu='x86_64'
host_os='linux-gnu'
host_vendor='unknown'
htmldir='${docdir}'
includedir='${prefix}/include'
infodir='${datarootdir}/info'
install_sh='${SHELL} /home/joseph/development/hdf-eos2-rs/hdf-eos5-sys/hdf-eos2-3.0/config/install-sh'
libdir='${exec_prefix}/lib'
libexecdir='${exec_prefix}/libexec'
localedir='${datarootdir}/locale'
localstatedir='${prefix}/var'
mandir='${datarootdir}/man'
mkdir_p='$(MKDIR_P)'
oldincludedir='/usr/include'
pdfdir='${docdir}'
prefix='NONE'
program_transform_name='s,x,x,'
psdir='${docdir}'
sbindir='${exec_prefix}/sbin'
sharedstatedir='${prefix}/com'
sysconfdir='${prefix}/etc'
target_alias=''

## ----------- ##
## confdefs.h. ##
## ----------- ##

/* confdefs.h */
#define PACKAGE_NAME "hdf-eos2"
#define PACKAGE_TARNAME "hdf-eos2"
#define PACKAGE_VERSION "3.0"
#define PACKAGE_STRING "hdf-eos2 3.0"
#define PACKAGE_BUGREPORT "null@bogus.email"
#define PACKAGE_URL ""
#define PACKAGE "hdf-eos2"
#define VERSION "3.0"
#define STDC_HEADERS 1
#define HAVE_SYS_TYPES_H 1
#define HAVE_SYS_STAT_H 1
#define HAVE_STDLIB_H 1
#define HAVE_STRING_H 1
#define HAVE_MEMORY_H 1
#define HAVE_STRINGS_H 1
#define HAVE_INTTYPES_H 1
#define HAVE_STDINT_H 1
#define HAVE_UNISTD_H 1
#define HAVE_DLFCN_H 1
#define LT_OBJDIR ".libs/"
#define HAVE_LIBM 1
#define SIZEOF_LONG 8
#define HAVE_LIBJPEG 1
#define HAVE_LIBZ 1
#define HAVE_SZLIB_H 1
#define HAVE_LIBSZ 1
#define HAVE_FILTER_SZIP 1
#define HAVE_FILTER_SZIP_ENCODER 1

configure: exit 1
